<?xml version="1.0" encoding="UTF-8"?>
<testsuite name="lk.ac.mrt.cse.dbs.simpleexpensemanager.data.model.AccountTest" tests="1" skipped="0" failures="0" errors="0" timestamp="2022-05-10T13:16:38" hostname="sanduni-TravelMate-P215-53" time="0.0">
  <properties/>
  <testcase name="test" classname="lk.ac.mrt.cse.dbs.simpleexpensemanager.data.model.AccountTest" time="0.0"/>
  <system-out><![CDATA[]]></system-out>
  <system-err><![CDATA[]]></system-err>
</testsuite>
